#
# There is insufficient memory for the Java Runtime Environment to continue.
# Native memory allocation (mmap) failed to map 100663296 bytes for Failed to commit area from 0x00000000a0c00000 to 0x00000000a6c00000 of length 100663296.
# Possible reasons:
#   The system is out of physical RAM or swap space
#   The process is running with CompressedOops enabled, and the Java Heap may be blocking the growth of the native heap
# Possible solutions:
#   Reduce memory load on the system
#   Increase physical memory or swap space
#   Check if swap backing store is full
#   Decrease Java heap size (-Xmx/-Xms)
#   Decrease number of Java threads
#   Decrease Java thread stack sizes (-Xss)
#   Set larger code cache with -XX:ReservedCodeCacheSize=
# This output file may be truncated or incomplete.
#
#  Out of Memory Error (./src/hotspot/os/windows/os_windows.cpp:3619), pid=3576, tid=4660
#
# JRE version:  (11.0.13) (build )
# Java VM: OpenJDK 64-Bit Server VM (11.0.13+0-b1751.21-8125866, mixed mode, sharing, tiered, compressed oops, g1 gc, windows-amd64)
# No core dump will be written. Minidumps are not enabled by default on client versions of Windows
#

---------------  S U M M A R Y ------------

Command Line: org.jetbrains.kotlin.cli.jvm.K2JVMCompiler @C:\flashcardsapp_project\app\build\20230827_13037232019859014239.compiler.options

Host: AMD Ryzen 3 3200U with Radeon Vega Mobile Gfx  , 4 cores, 5G,  Windows 10 , 64 bit Build 19041 (10.0.19041.3155)
Time: Sun Aug 27 19:56:06 2023 Srednja Europa - ljet. vrij. elapsed time: 0.024731 seconds (0d 0h 0m 0s)

---------------  T H R E A D  ---------------

Current thread (0x000001ba7a4a3000):  JavaThread "Unknown thread" [_thread_in_vm, id=4660, stack(0x0000001c14000000,0x0000001c14100000)]

Stack: [0x0000001c14000000,0x0000001c14100000]
Native frames: (J=compiled Java code, j=interpreted, Vv=VM code, C=native code)
V  [jvm.dll+0x6100fa]
V  [jvm.dll+0x747090]
V  [jvm.dll+0x7486ad]
V  [jvm.dll+0x748d83]
V  [jvm.dll+0x24ab48]
V  [jvm.dll+0x60d164]
V  [jvm.dll+0x601e75]
V  [jvm.dll+0x308bdb]
V  [jvm.dll+0x308b4a]
V  [jvm.dll+0x308a22]
V  [jvm.dll+0x30d986]
V  [jvm.dll+0x357093]
V  [jvm.dll+0x357796]
V  [jvm.dll+0x357193]
V  [jvm.dll+0x2e3448]
V  [jvm.dll+0x2e45f7]
V  [jvm.dll+0x7242e7]
V  [jvm.dll+0x725adc]
V  [jvm.dll+0x364629]
V  [jvm.dll+0x707cee]
V  [jvm.dll+0x3d2633]
V  [jvm.dll+0x3d4a21]
C  [jli.dll+0x536b]
C  [ucrtbase.dll+0x21bb2]
C  [KERNEL32.DLL+0x17614]
C  [ntdll.dll+0x526b1]


---------------  P R O C E S S  ---------------

Threads class SMR info:
_java_thread_list=0x000001ba78274570, length=0, elements={
}

Java Threads: ( => current thread )

Other Threads:
  0x000001ba7a4bb800 GCTaskThread "GC Thread#0" [stack: 0x0000001c14100000,0x0000001c14200000] [id=4592]
  0x000001ba7a4e2000 ConcurrentGCThread "G1 Main Marker" [stack: 0x0000001c14200000,0x0000001c14300000] [id=7084]
  0x000001ba7a4e3800 ConcurrentGCThread "G1 Conc#0" [stack: 0x0000001c14300000,0x0000001c14400000] [id=14900]

[error occurred during error reporting (printing all threads), id 0xc0000005, EXCEPTION_ACCESS_VIOLATION (0xc0000005) at pc=0x00007ffa8d903dd7]

VM state:not at safepoint (not fully initialized)

VM Mutex/Monitor currently owned by a thread:  ([mutex/lock_event])
[0x000001ba7a49ff00] Heap_lock - owner thread: 0x000001ba7a4a3000

Heap address: 0x00000000a0c00000, size: 1524 MB, Compressed Oops mode: Non-zero based: 0x00000000a0c00000
Narrow klass base: 0x0000000000000000, Narrow klass shift: 0

GC Heap History (0 events):
No events

Deoptimization events (0 events):
No events

Classes redefined (0 events):
No events

Internal exceptions (0 events):
No events

Events (1 events):
Event: 0.012 Loaded shared library C:\Program Files\Android\Android Studio\jre\bin\zip.dll


Dynamic libraries:
0x00007ff72ceb0000 - 0x00007ff72ceba000 	C:\Program Files\Android\Android Studio\jre\bin\java.exe
0x00007ffad8ed0000 - 0x00007ffad90c8000 	C:\windows\SYSTEM32\ntdll.dll
0x00007ffaa7a90000 - 0x00007ffaa7aa9000 	C:\Program Files\Avast Software\Avast\aswhook.dll
0x00007ffad6f30000 - 0x00007ffad6fef000 	C:\windows\System32\KERNEL32.DLL
0x00007ffad6ad0000 - 0x00007ffad6dc6000 	C:\windows\System32\KERNELBASE.dll
0x00007ffad65b0000 - 0x00007ffad66b0000 	C:\windows\System32\ucrtbase.dll
0x00007ffad1010000 - 0x00007ffad1029000 	C:\Program Files\Android\Android Studio\jre\bin\jli.dll
0x00007ffacbc30000 - 0x00007ffacbc47000 	C:\Program Files\Android\Android Studio\jre\bin\VCRUNTIME140.dll
0x00007ffad70a0000 - 0x00007ffad723d000 	C:\windows\System32\USER32.dll
0x00007ffad6720000 - 0x00007ffad6742000 	C:\windows\System32\win32u.dll
0x00007ffac34c0000 - 0x00007ffac375a000 	C:\windows\WinSxS\amd64_microsoft.windows.common-controls_6595b64144ccf1df_6.0.19041.1110_none_60b5254171f9507e\COMCTL32.dll
0x00007ffad7b70000 - 0x00007ffad7b9c000 	C:\windows\System32\GDI32.dll
0x00007ffad8bb0000 - 0x00007ffad8c4e000 	C:\windows\System32\msvcrt.dll
0x00007ffad6750000 - 0x00007ffad6865000 	C:\windows\System32\gdi32full.dll
0x00007ffad6e60000 - 0x00007ffad6efd000 	C:\windows\System32\msvcp_win.dll
0x00007ffad7790000 - 0x00007ffad77c0000 	C:\windows\System32\IMM32.DLL
0x00007ffaa3d30000 - 0x00007ffaa3dcd000 	C:\Program Files\Android\Android Studio\jre\bin\msvcp140.dll
0x00007ffa8d610000 - 0x00007ffa8e112000 	C:\Program Files\Android\Android Studio\jre\bin\server\jvm.dll
0x00007ffad7ac0000 - 0x00007ffad7b6f000 	C:\windows\System32\ADVAPI32.dll
0x00007ffad77d0000 - 0x00007ffad786c000 	C:\windows\System32\sechost.dll
0x00007ffad7870000 - 0x00007ffad7996000 	C:\windows\System32\RPCRT4.dll
0x00007ffad89e0000 - 0x00007ffad89e8000 	C:\windows\System32\PSAPI.DLL
0x00007ffac0dc0000 - 0x00007ffac0dc9000 	C:\windows\SYSTEM32\WSOCK32.dll
0x00007ffac6660000 - 0x00007ffac6687000 	C:\windows\SYSTEM32\WINMM.dll
0x00007ffad7a50000 - 0x00007ffad7abb000 	C:\windows\System32\WS2_32.dll
0x00007ffad0550000 - 0x00007ffad055a000 	C:\windows\SYSTEM32\VERSION.dll
0x00007ffad4450000 - 0x00007ffad4462000 	C:\windows\SYSTEM32\kernel.appcore.dll
0x00007ffacbda0000 - 0x00007ffacbdb1000 	C:\Program Files\Android\Android Studio\jre\bin\verify.dll
0x00007ffac9970000 - 0x00007ffac9b54000 	C:\windows\SYSTEM32\DBGHELP.DLL
0x00007ffac9930000 - 0x00007ffac9964000 	C:\windows\SYSTEM32\dbgcore.DLL
0x00007ffad6dd0000 - 0x00007ffad6e52000 	C:\windows\System32\bcryptPrimitives.dll
0x00007ffac9150000 - 0x00007ffac9179000 	C:\Program Files\Android\Android Studio\jre\bin\java.dll
0x00007ffad1ea0000 - 0x00007ffad1eab000 	C:\Program Files\Android\Android Studio\jre\bin\jimage.dll
0x00007ffacb250000 - 0x00007ffacb268000 	C:\Program Files\Android\Android Studio\jre\bin\zip.dll

dbghelp: loaded successfully - version: 4.0.5 - missing functions: none
symbol engine: initialized successfully - sym options: 0x614 - pdb path: .;C:\Program Files\Android\Android Studio\jre\bin;C:\windows\SYSTEM32;C:\Program Files\Avast Software\Avast;C:\windows\WinSxS\amd64_microsoft.windows.common-controls_6595b64144ccf1df_6.0.19041.1110_none_60b5254171f9507e;C:\Program Files\Android\Android Studio\jre\bin\server

VM Arguments:
java_command: org.jetbrains.kotlin.cli.jvm.K2JVMCompiler @C:\flashcardsapp_project\app\build\20230827_13037232019859014239.compiler.options
java_class_path (initial): C:\Users\marko\.gradle\caches\modules-2\files-2.1\org.jetbrains.kotlin\kotlin-compiler-embeddable\1.6.10\88f2073f4020cdb83132cfe940ceb9a60aba54ea\kotlin-compiler-embeddable-1.6.10.jar;C:\Users\marko\.gradle\caches\modules-2\files-2.1\org.jetbrains.kotlin\kotlin-reflect\1.6.10\1cbe9c92c12a94eea200d23c2bbaedaf3daf5132\kotlin-reflect-1.6.10.jar;C:\Users\marko\.gradle\caches\modules-2\files-2.1\org.jetbrains.kotlin\kotlin-stdlib\1.6.10\b8af3fe6f1ca88526914929add63cf5e7c5049af\kotlin-stdlib-1.6.10.jar;C:\Users\marko\.gradle\caches\modules-2\files-2.1\org.jetbrains.kotlin\kotlin-script-runtime\1.6.10\d0a7ff2e2500ef497ed0214ae40ad3c8387a6164\kotlin-script-runtime-1.6.10.jar;C:\Users\marko\.gradle\caches\modules-2\files-2.1\org.jetbrains.kotlin\kotlin-daemon-embeddable\1.6.10\a56d79bcbea411fa6058e4ecffc2de73e742bd2a\kotlin-daemon-embeddable-1.6.10.jar;C:\Users\marko\.gradle\caches\modules-2\files-2.1\org.jetbrains.intellij.deps\trove4j\1.0.20181211\216c2e14b070f334479d800987affe4054cd563f\trove4j-1.0.20181211.jar;C:\Users\marko\.gradle\caches\modules-2\files-2.1\net.java.dev.jna\jna\5.6.0\330f2244e9030119ab3030fc3fededc86713d9cc\jna-5.6.0.jar;C:\Users\marko\.gradle\caches\modules-2\files-2.1\org.jetbrains\annotations\13.0\919f0dfe192fb4e063e7dacadee7f8bb9a2672a9\annotations-13.0.jar;C:\Users\marko\.gradle\caches\modules-2\files-2.1\org.jetbrains.kotlin\kotlin-stdlib-common\1.6.10\c118700e3a33c8a0d9adc920e9dec0831171925\kotlin-stdlib-common-1.6.10.jar
Launcher Type: SUN_STANDARD

[Global flags]
     intx CICompilerCount                          = 3                                         {product} {ergonomic}
     uint ConcGCThreads                            = 1                                         {product} {ergonomic}
     uint G1ConcRefinementThreads                  = 4                                         {product} {ergonomic}
   size_t G1HeapRegionSize                         = 1048576                                   {product} {ergonomic}
    uintx GCDrainStackTargetSize                   = 64                                        {product} {ergonomic}
   size_t InitialHeapSize                          = 100663296                                 {product} {ergonomic}
   size_t MarkStackSize                            = 4194304                                   {product} {ergonomic}
   size_t MaxHeapSize                              = 1598029824                                {product} {ergonomic}
   size_t MinHeapDeltaBytes                        = 1048576                                   {product} {ergonomic}
    uintx NonNMethodCodeHeapSize                   = 5830732                                {pd product} {ergonomic}
    uintx NonProfiledCodeHeapSize                  = 122913754                              {pd product} {ergonomic}
    uintx ProfiledCodeHeapSize                     = 122913754                              {pd product} {ergonomic}
    uintx ReservedCodeCacheSize                    = 251658240                              {pd product} {ergonomic}
     bool SegmentedCodeCache                       = true                                      {product} {ergonomic}
     bool UseCompressedClassPointers               = true                                 {lp64_product} {ergonomic}
     bool UseCompressedOops                        = true                                 {lp64_product} {ergonomic}
     bool UseG1GC                                  = true                                      {product} {ergonomic}
     bool UseLargePagesIndividualAllocation        = false                                  {pd product} {ergonomic}

Logging:
Log output configuration:
 #0: stdout all=warning uptime,level,tags
 #1: stderr all=off uptime,level,tags

Environment Variables:
JAVA_HOME=C:\Program Files\Java\jdk-16.0.2
PATH=C:\Python311\Scripts\;C:\Python311\;C:\Program Files\Common Files\Oracle\Java\javapath;C:\Users\marko\AppData\Roaming\Python\Python39\site-packages;C:\Program Files\Python39\;C:\Program Files\Python39\Scripts\;C:\windows\system32;C:\windows;C:\windows\System32\Wbem;C:\windows\System32\WindowsPowerShell\v1.0\;C:\windows\System32\OpenSSH\;C:\Program Files\MATLAB\R2018a\runtime\win64;C:\Program Files\MATLAB\R2018a\bin;C:\Program Files\dotnet\;C:\Program Files\php-8.1.0;C:\Program Files\Java\jdk-16.0.2\bin;C:\Program Files\Microsoft SQL Server\Client SDK\ODBC\170\Tools\Binn\;C:\Program Files (x86)\Microsoft SQL Server\150\Tools\Binn\;C:\Program Files\Microsoft SQL Server\150\Tools\Binn\;C:\Program Files\Microsoft SQL Server\150\DTS\Binn\;C:\Program Files\Git\cmd;C:\Program Files\nodejs\;C:\ProgramData\chocolatey\bin;C:\Program Files\apache-maven-3.9.3\bin;C:\Program Files\MySQL\MySQL Shell 8.0\bin\;C:\Users\marko\AppData\Local\Programs\Python\Python39\Scripts\;C:\Users\marko\AppData\Local\Programs\Python\Python39\;C:\Users\marko\AppData\Local\Microsoft\WindowsApps;C:\Users\marko\.dotnet\tools;C:\Users\marko\AppData\Local\Programs\Microsoft VS Code\bin;C:\Users\marko\AppData\Local\ComposerSetup\bin;C:\Users\marko\AppData\Roaming\Composer\vendor\bin;C:\Program Files\Python39;C:\Program Files\Python39\Scripts;C:\Users\marko\AppData\Roaming\npm
USERNAME=marko
OS=Windows_NT
PROCESSOR_IDENTIFIER=AMD64 Family 23 Model 24 Stepping 1, AuthenticAMD



---------------  S Y S T E M  ---------------

OS: Windows 10 , 64 bit Build 19041 (10.0.19041.3155)
OS uptime: 7 days 3:21 hours

CPU:total 4 (initial active 4) (4 cores per cpu, 2 threads per core) family 23 model 24 stepping 1 microcode 0x0, cmov, cx8, fxsr, mmx, sse, sse2, sse3, ssse3, sse4.1, sse4.2, popcnt, avx, avx2, aes, clmul, mmxext, 3dnowpref, lzcnt, sse4a, ht, tsc, tscinvbit, tscinv, bmi1, bmi2, adx, sha, fma

Memory: 4k page, system-wide physical 6090M (307M free)
TotalPageFile size 24522M (AvailPageFile size 96M)
current process WorkingSet (physical memory assigned to process): 10M, peak: 10M
current process commit charge ("private bytes"): 51M, peak: 147M

vm_info: OpenJDK 64-Bit Server VM (11.0.13+0-b1751.21-8125866) for windows-amd64 JRE (11.0.13+0-b1751.21-8125866), built on Feb  2 2022 03:00:22 by "builder" with MS VC++ 14.0 (VS2015)

END.
